


ARM Macro Assembler    Page 1 


    1 00000000         ;******************** (C) COPYRIGHT 2009 STMicroelectron
                       ics ********************
    2 00000000         ;* File Name          : startup_stm32f10x_hd.s
    3 00000000         ;* Author             : MCD Application Team
    4 00000000         ;* Version            : V3.1.2
    5 00000000         ;* Date               : 09/28/2009
    6 00000000         ;* Description        : STM32F10x High Density Devices v
                       ector table for RVMDK 
    7 00000000         ;*                      toolchain. 
    8 00000000         ;*                      This module performs:
    9 00000000         ;*                      - Set the initial SP
   10 00000000         ;*                      - Set the initial PC == Reset_Ha
                       ndler
   11 00000000         ;*                      - Set the vector table entries w
                       ith the exceptions ISR address
   12 00000000         ;*                      - Configure external SRAM mounte
                       d on STM3210E-EVAL board
   13 00000000         ;*                        to be used as data memory (opt
                       ional, to be enabled by user)
   14 00000000         ;*                      - Branches to __main in the C li
                       brary (which eventually
   15 00000000         ;*                        calls main()).
   16 00000000         ;*                      After Reset the CortexM3 process
                       or is in Thread mode,
   17 00000000         ;*                      priority is Privileged, and the 
                       Stack is set to Main.
   18 00000000         ;* <<< Use Configuration Wizard in Context Menu >>>   
   19 00000000         ;*******************************************************
                       ************************
   20 00000000         ; THE PRESENT FIRMWARE WHICH IS FOR GUIDANCE ONLY AIMS A
                       T PROVIDING CUSTOMERS
   21 00000000         ; WITH CODING INFORMATION REGARDING THEIR PRODUCTS IN OR
                       DER FOR THEM TO SAVE TIME.
   22 00000000         ; AS A RESULT, STMICROELECTRONICS SHALL NOT BE HELD LIAB
                       LE FOR ANY DIRECT,
   23 00000000         ; INDIRECT OR CONSEQUENTIAL DAMAGES WITH RESPECT TO ANY 
                       CLAIMS ARISING FROM THE
   24 00000000         ; CONTENT OF SUCH FIRMWARE AND/OR THE USE MADE BY CUSTOM
                       ERS OF THE CODING
   25 00000000         ; INFORMATION CONTAINED HEREIN IN CONNECTION WITH THEIR 
                       PRODUCTS.
   26 00000000         ;*******************************************************
                       ************************
   27 00000000         
   28 00000000         ; Amount of memory (in bytes) allocated for Stack
   29 00000000         ; Tailor this value to your application needs
   30 00000000         ; <h> Stack Configuration
   31 00000000         ;   <o> Stack Size (in Bytes) <0x0-0xFFFFFFFF:8>
   32 00000000         ; </h>
   33 00000000         
   34 00000000 00000400 
                       Stack_Size
                               EQU              0x00000400
   35 00000000         
   36 00000000                 AREA             STACK, NOINIT, READWRITE, ALIGN
=3
   37 00000000         Stack_Mem
                               SPACE            Stack_Size
   38 00000400         __initial_sp



ARM Macro Assembler    Page 2 


   39 00000400         
   40 00000400 20000400 
                       __initial_spTop
                               EQU              0x20000400  ; stack used for Sy
                                                            stemInit_ExtMemCtl
   41 00000400         ; always internal RAM used 
   42 00000400         
   43 00000400         ; <h> Heap Configuration
   44 00000400         ;   <o>  Heap Size (in Bytes) <0x0-0xFFFFFFFF:8>
   45 00000400         ; </h>
   46 00000400         
   47 00000400 00000200 
                       Heap_Size
                               EQU              0x00000200
   48 00000400         
   49 00000400                 AREA             HEAP, NOINIT, READWRITE, ALIGN=
3
   50 00000000         __heap_base
   51 00000000         Heap_Mem
                               SPACE            Heap_Size
   52 00000200         __heap_limit
   53 00000200         
   54 00000200                 PRESERVE8
   55 00000200                 THUMB
   56 00000200         
   57 00000200         
   58 00000200         ; Vector Table Mapped to Address 0 at Reset
   59 00000200                 AREA             RESET, DATA, READONLY
   60 00000000                 EXPORT           __Vectors
   61 00000000                 EXPORT           __Vectors_End
   62 00000000                 EXPORT           __Vectors_Size
   63 00000000         
   64 00000000 20000400 
                       __Vectors
                               DCD              __initial_spTop ; Top of Stack
   65 00000004 00000000        DCD              Reset_Handler ; Reset Handler
   66 00000008 00000000        DCD              NMI_Handler ; NMI Handler
   67 0000000C 00000000        DCD              HardFault_Handler ; Hard Fault 
                                                            Handler
   68 00000010 00000000        DCD              MemManage_Handler 
                                                            ; MPU Fault Handler
                                                            
   69 00000014 00000000        DCD              BusFault_Handler 
                                                            ; Bus Fault Handler
                                                            
   70 00000018 00000000        DCD              UsageFault_Handler ; Usage Faul
                                                            t Handler
   71 0000001C 00000000        DCD              0           ; Reserved
   72 00000020 00000000        DCD              0           ; Reserved
   73 00000024 00000000        DCD              0           ; Reserved
   74 00000028 00000000        DCD              0           ; Reserved
   75 0000002C 00000000        DCD              SVC_Handler ; SVCall Handler
   76 00000030 00000000        DCD              DebugMon_Handler ; Debug Monito
                                                            r Handler
   77 00000034 00000000        DCD              0           ; Reserved
   78 00000038 00000000        DCD              PendSV_Handler ; PendSV Handler
                                                            
   79 0000003C 00000000        DCD              SysTick_Handler 
                                                            ; SysTick Handler



ARM Macro Assembler    Page 3 


   80 00000040         
   81 00000040         ; External Interrupts
   82 00000040 00000000        DCD              WWDG_IRQHandler 
                                                            ; Window Watchdog
   83 00000044 00000000        DCD              PVD_IRQHandler ; PVD through EX
                                                            TI Line detect
   84 00000048 00000000        DCD              TAMPER_IRQHandler ; Tamper
   85 0000004C 00000000        DCD              RTC_IRQHandler ; RTC
   86 00000050 00000000        DCD              FLASH_IRQHandler ; Flash
   87 00000054 00000000        DCD              RCC_IRQHandler ; RCC
   88 00000058 00000000        DCD              EXTI0_IRQHandler ; EXTI Line 0
   89 0000005C 00000000        DCD              EXTI1_IRQHandler ; EXTI Line 1
   90 00000060 00000000        DCD              EXTI2_IRQHandler ; EXTI Line 2
   91 00000064 00000000        DCD              EXTI3_IRQHandler ; EXTI Line 3
   92 00000068 00000000        DCD              EXTI4_IRQHandler ; EXTI Line 4
   93 0000006C 00000000        DCD              DMA1_Channel1_IRQHandler 
                                                            ; DMA1 Channel 1
   94 00000070 00000000        DCD              DMA1_Channel2_IRQHandler 
                                                            ; DMA1 Channel 2
   95 00000074 00000000        DCD              DMA1_Channel3_IRQHandler 
                                                            ; DMA1 Channel 3
   96 00000078 00000000        DCD              DMA1_Channel4_IRQHandler 
                                                            ; DMA1 Channel 4
   97 0000007C 00000000        DCD              DMA1_Channel5_IRQHandler 
                                                            ; DMA1 Channel 5
   98 00000080 00000000        DCD              DMA1_Channel6_IRQHandler 
                                                            ; DMA1 Channel 6
   99 00000084 00000000        DCD              DMA1_Channel7_IRQHandler 
                                                            ; DMA1 Channel 7
  100 00000088 00000000        DCD              ADC1_2_IRQHandler ; ADC1 & ADC2
                                                            
  101 0000008C 00000000        DCD              USB_HP_CAN1_TX_IRQHandler ; USB
                                                             High Priority or C
                                                            AN1 TX
  102 00000090 00000000        DCD              USB_LP_CAN1_RX0_IRQHandler ; US
                                                            B Low  Priority or 
                                                            CAN1 RX0
  103 00000094 00000000        DCD              CAN1_RX1_IRQHandler ; CAN1 RX1
  104 00000098 00000000        DCD              CAN1_SCE_IRQHandler ; CAN1 SCE
  105 0000009C 00000000        DCD              EXTI9_5_IRQHandler 
                                                            ; EXTI Line 9..5
  106 000000A0 00000000        DCD              TIM1_BRK_IRQHandler 
                                                            ; TIM1 Break
  107 000000A4 00000000        DCD              TIM1_UP_IRQHandler 
                                                            ; TIM1 Update
  108 000000A8 00000000        DCD              TIM1_TRG_COM_IRQHandler ; TIM1 
                                                            Trigger and Commuta
                                                            tion
  109 000000AC 00000000        DCD              TIM1_CC_IRQHandler ; TIM1 Captu
                                                            re Compare
  110 000000B0 00000000        DCD              TIM2_IRQHandler ; TIM2
  111 000000B4 00000000        DCD              TIM3_IRQHandler ; TIM3
  112 000000B8 00000000        DCD              TIM4_IRQHandler ; TIM4
  113 000000BC 00000000        DCD              I2C1_EV_IRQHandler ; I2C1 Event
                                                            
  114 000000C0 00000000        DCD              I2C1_ER_IRQHandler ; I2C1 Error
                                                            
  115 000000C4 00000000        DCD              I2C2_EV_IRQHandler ; I2C2 Event
                                                            



ARM Macro Assembler    Page 4 


  116 000000C8 00000000        DCD              I2C2_ER_IRQHandler ; I2C2 Error
                                                            
  117 000000CC 00000000        DCD              SPI1_IRQHandler ; SPI1
  118 000000D0 00000000        DCD              SPI2_IRQHandler ; SPI2
  119 000000D4 00000000        DCD              USART1_IRQHandler ; USART1
  120 000000D8 00000000        DCD              USART2_IRQHandler ; USART2
  121 000000DC 00000000        DCD              USART3_IRQHandler ; USART3
  122 000000E0 00000000        DCD              EXTI15_10_IRQHandler 
                                                            ; EXTI Line 15..10
  123 000000E4 00000000        DCD              RTCAlarm_IRQHandler ; RTC Alarm
                                                             through EXTI Line
  124 000000E8 00000000        DCD              USBWakeUp_IRQHandler ; USB Wake
                                                            up from suspend
  125 000000EC 00000000        DCD              TIM8_BRK_IRQHandler 
                                                            ; TIM8 Break
  126 000000F0 00000000        DCD              TIM8_UP_IRQHandler 
                                                            ; TIM8 Update
  127 000000F4 00000000        DCD              TIM8_TRG_COM_IRQHandler ; TIM8 
                                                            Trigger and Commuta
                                                            tion
  128 000000F8 00000000        DCD              TIM8_CC_IRQHandler ; TIM8 Captu
                                                            re Compare
  129 000000FC 00000000        DCD              ADC3_IRQHandler ; ADC3
  130 00000100 00000000        DCD              FSMC_IRQHandler ; FSMC
  131 00000104 00000000        DCD              SDIO_IRQHandler ; SDIO
  132 00000108 00000000        DCD              TIM5_IRQHandler ; TIM5
  133 0000010C 00000000        DCD              SPI3_IRQHandler ; SPI3
  134 00000110 00000000        DCD              UART4_IRQHandler ; UART4
  135 00000114 00000000        DCD              UART5_IRQHandler ; UART5
  136 00000118 00000000        DCD              TIM6_IRQHandler ; TIM6
  137 0000011C 00000000        DCD              TIM7_IRQHandler ; TIM7
  138 00000120 00000000        DCD              DMA2_Channel1_IRQHandler 
                                                            ; DMA2 Channel1
  139 00000124 00000000        DCD              DMA2_Channel2_IRQHandler 
                                                            ; DMA2 Channel2
  140 00000128 00000000        DCD              DMA2_Channel3_IRQHandler 
                                                            ; DMA2 Channel3
  141 0000012C 00000000        DCD              DMA2_Channel4_5_IRQHandler ; DM
                                                            A2 Channel4 & Chann
                                                            el5
  142 00000130         __Vectors_End
  143 00000130         
  144 00000130 00000130 
                       __Vectors_Size
                               EQU              __Vectors_End - __Vectors
  145 00000130         
  146 00000130                 AREA             |.text|, CODE, READONLY
  147 00000000         
  148 00000000         ; Dummy SystemInit_ExtMemCtl function                
  149 00000000         SystemInit_ExtMemCtl
                               PROC
  150 00000000                 EXPORT           SystemInit_ExtMemCtl      [WEAK
]
  151 00000000 4770            BX               LR
  152 00000002                 ENDP
  153 00000002         
  154 00000002         ; Reset handler routine
  155 00000002         Reset_Handler
                               PROC



ARM Macro Assembler    Page 5 


  156 00000002                 EXPORT           Reset_Handler             [WEAK
]
  157 00000002                 IMPORT           __main
  158 00000002         
  159 00000002 480B            LDR              R0, = SystemInit_ExtMemCtl ; in
                                                            itialize external m
                                                            emory controller
  160 00000004 4780            BLX              R0
  161 00000006         
  162 00000006 490B            LDR              R1, = __initial_sp ; restore or
                                                            iginal stack pointe
                                                            r
  163 00000008 F381 8808       MSR              MSP, R1
  164 0000000C         
  165 0000000C 480A            LDR              R0, =__main
  166 0000000E 4700            BX               R0
  167 00000010                 ENDP
  168 00000010         
  169 00000010         ; Dummy Exception Handlers (infinite loops which can be 
                       modified)
  170 00000010         
  171 00000010         NMI_Handler
                               PROC
  172 00000010                 EXPORT           NMI_Handler                [WEA
K]
  173 00000010 E7FE            B                .
  174 00000012                 ENDP
  176 00000012         HardFault_Handler
                               PROC
  177 00000012                 EXPORT           HardFault_Handler          [WEA
K]
  178 00000012 E7FE            B                .
  179 00000014                 ENDP
  181 00000014         MemManage_Handler
                               PROC
  182 00000014                 EXPORT           MemManage_Handler          [WEA
K]
  183 00000014 E7FE            B                .
  184 00000016                 ENDP
  186 00000016         BusFault_Handler
                               PROC
  187 00000016                 EXPORT           BusFault_Handler           [WEA
K]
  188 00000016 E7FE            B                .
  189 00000018                 ENDP
  191 00000018         UsageFault_Handler
                               PROC
  192 00000018                 EXPORT           UsageFault_Handler         [WEA
K]
  193 00000018 E7FE            B                .
  194 0000001A                 ENDP
  195 0000001A         SVC_Handler
                               PROC
  196 0000001A                 EXPORT           SVC_Handler                [WEA
K]
  197 0000001A E7FE            B                .
  198 0000001C                 ENDP
  200 0000001C         DebugMon_Handler
                               PROC



ARM Macro Assembler    Page 6 


  201 0000001C                 EXPORT           DebugMon_Handler           [WEA
K]
  202 0000001C E7FE            B                .
  203 0000001E                 ENDP
  204 0000001E         PendSV_Handler
                               PROC
  205 0000001E                 EXPORT           PendSV_Handler             [WEA
K]
  206 0000001E E7FE            B                .
  207 00000020                 ENDP
  208 00000020         SysTick_Handler
                               PROC
  209 00000020                 EXPORT           SysTick_Handler            [WEA
K]
  210 00000020 E7FE            B                .
  211 00000022                 ENDP
  212 00000022         
  213 00000022         Default_Handler
                               PROC
  214 00000022         
  215 00000022                 EXPORT           WWDG_IRQHandler            [WEA
K]
  216 00000022                 EXPORT           PVD_IRQHandler             [WEA
K]
  217 00000022                 EXPORT           TAMPER_IRQHandler          [WEA
K]
  218 00000022                 EXPORT           RTC_IRQHandler             [WEA
K]
  219 00000022                 EXPORT           FLASH_IRQHandler           [WEA
K]
  220 00000022                 EXPORT           RCC_IRQHandler             [WEA
K]
  221 00000022                 EXPORT           EXTI0_IRQHandler           [WEA
K]
  222 00000022                 EXPORT           EXTI1_IRQHandler           [WEA
K]
  223 00000022                 EXPORT           EXTI2_IRQHandler           [WEA
K]
  224 00000022                 EXPORT           EXTI3_IRQHandler           [WEA
K]
  225 00000022                 EXPORT           EXTI4_IRQHandler           [WEA
K]
  226 00000022                 EXPORT           DMA1_Channel1_IRQHandler   [WEA
K]
  227 00000022                 EXPORT           DMA1_Channel2_IRQHandler   [WEA
K]
  228 00000022                 EXPORT           DMA1_Channel3_IRQHandler   [WEA
K]
  229 00000022                 EXPORT           DMA1_Channel4_IRQHandler   [WEA
K]
  230 00000022                 EXPORT           DMA1_Channel5_IRQHandler   [WEA
K]
  231 00000022                 EXPORT           DMA1_Channel6_IRQHandler   [WEA
K]
  232 00000022                 EXPORT           DMA1_Channel7_IRQHandler   [WEA
K]
  233 00000022                 EXPORT           ADC1_2_IRQHandler          [WEA
K]
  234 00000022                 EXPORT           USB_HP_CAN1_TX_IRQHandler  [WEA



ARM Macro Assembler    Page 7 


K]
  235 00000022                 EXPORT           USB_LP_CAN1_RX0_IRQHandler [WEA
K]
  236 00000022                 EXPORT           CAN1_RX1_IRQHandler        [WEA
K]
  237 00000022                 EXPORT           CAN1_SCE_IRQHandler        [WEA
K]
  238 00000022                 EXPORT           EXTI9_5_IRQHandler         [WEA
K]
  239 00000022                 EXPORT           TIM1_BRK_IRQHandler        [WEA
K]
  240 00000022                 EXPORT           TIM1_UP_IRQHandler         [WEA
K]
  241 00000022                 EXPORT           TIM1_TRG_COM_IRQHandler    [WEA
K]
  242 00000022                 EXPORT           TIM1_CC_IRQHandler         [WEA
K]
  243 00000022                 EXPORT           TIM2_IRQHandler            [WEA
K]
  244 00000022                 EXPORT           TIM3_IRQHandler            [WEA
K]
  245 00000022                 EXPORT           TIM4_IRQHandler            [WEA
K]
  246 00000022                 EXPORT           I2C1_EV_IRQHandler         [WEA
K]
  247 00000022                 EXPORT           I2C1_ER_IRQHandler         [WEA
K]
  248 00000022                 EXPORT           I2C2_EV_IRQHandler         [WEA
K]
  249 00000022                 EXPORT           I2C2_ER_IRQHandler         [WEA
K]
  250 00000022                 EXPORT           SPI1_IRQHandler            [WEA
K]
  251 00000022                 EXPORT           SPI2_IRQHandler            [WEA
K]
  252 00000022                 EXPORT           USART1_IRQHandler          [WEA
K]
  253 00000022                 EXPORT           USART2_IRQHandler          [WEA
K]
  254 00000022                 EXPORT           USART3_IRQHandler          [WEA
K]
  255 00000022                 EXPORT           EXTI15_10_IRQHandler       [WEA
K]
  256 00000022                 EXPORT           RTCAlarm_IRQHandler        [WEA
K]
  257 00000022                 EXPORT           USBWakeUp_IRQHandler       [WEA
K]
  258 00000022                 EXPORT           TIM8_BRK_IRQHandler        [WEA
K]
  259 00000022                 EXPORT           TIM8_UP_IRQHandler         [WEA
K]
  260 00000022                 EXPORT           TIM8_TRG_COM_IRQHandler    [WEA
K]
  261 00000022                 EXPORT           TIM8_CC_IRQHandler         [WEA
K]
  262 00000022                 EXPORT           ADC3_IRQHandler            [WEA
K]
  263 00000022                 EXPORT           FSMC_IRQHandler            [WEA
K]



ARM Macro Assembler    Page 8 


  264 00000022                 EXPORT           SDIO_IRQHandler            [WEA
K]
  265 00000022                 EXPORT           TIM5_IRQHandler            [WEA
K]
  266 00000022                 EXPORT           SPI3_IRQHandler            [WEA
K]
  267 00000022                 EXPORT           UART4_IRQHandler           [WEA
K]
  268 00000022                 EXPORT           UART5_IRQHandler           [WEA
K]
  269 00000022                 EXPORT           TIM6_IRQHandler            [WEA
K]
  270 00000022                 EXPORT           TIM7_IRQHandler            [WEA
K]
  271 00000022                 EXPORT           DMA2_Channel1_IRQHandler   [WEA
K]
  272 00000022                 EXPORT           DMA2_Channel2_IRQHandler   [WEA
K]
  273 00000022                 EXPORT           DMA2_Channel3_IRQHandler   [WEA
K]
  274 00000022                 EXPORT           DMA2_Channel4_5_IRQHandler [WEA
K]
  275 00000022         
  276 00000022         WWDG_IRQHandler
  277 00000022         PVD_IRQHandler
  278 00000022         TAMPER_IRQHandler
  279 00000022         RTC_IRQHandler
  280 00000022         FLASH_IRQHandler
  281 00000022         RCC_IRQHandler
  282 00000022         EXTI0_IRQHandler
  283 00000022         EXTI1_IRQHandler
  284 00000022         EXTI2_IRQHandler
  285 00000022         EXTI3_IRQHandler
  286 00000022         EXTI4_IRQHandler
  287 00000022         DMA1_Channel1_IRQHandler
  288 00000022         DMA1_Channel2_IRQHandler
  289 00000022         DMA1_Channel3_IRQHandler
  290 00000022         DMA1_Channel4_IRQHandler
  291 00000022         DMA1_Channel5_IRQHandler
  292 00000022         DMA1_Channel6_IRQHandler
  293 00000022         DMA1_Channel7_IRQHandler
  294 00000022         ADC1_2_IRQHandler
  295 00000022         USB_HP_CAN1_TX_IRQHandler
  296 00000022         USB_LP_CAN1_RX0_IRQHandler
  297 00000022         CAN1_RX1_IRQHandler
  298 00000022         CAN1_SCE_IRQHandler
  299 00000022         EXTI9_5_IRQHandler
  300 00000022         TIM1_BRK_IRQHandler
  301 00000022         TIM1_UP_IRQHandler
  302 00000022         TIM1_TRG_COM_IRQHandler
  303 00000022         TIM1_CC_IRQHandler
  304 00000022         TIM2_IRQHandler
  305 00000022         TIM3_IRQHandler
  306 00000022         TIM4_IRQHandler
  307 00000022         I2C1_EV_IRQHandler
  308 00000022         I2C1_ER_IRQHandler
  309 00000022         I2C2_EV_IRQHandler
  310 00000022         I2C2_ER_IRQHandler
  311 00000022         SPI1_IRQHandler



ARM Macro Assembler    Page 9 


  312 00000022         SPI2_IRQHandler
  313 00000022         USART1_IRQHandler
  314 00000022         USART2_IRQHandler
  315 00000022         USART3_IRQHandler
  316 00000022         EXTI15_10_IRQHandler
  317 00000022         RTCAlarm_IRQHandler
  318 00000022         USBWakeUp_IRQHandler
  319 00000022         TIM8_BRK_IRQHandler
  320 00000022         TIM8_UP_IRQHandler
  321 00000022         TIM8_TRG_COM_IRQHandler
  322 00000022         TIM8_CC_IRQHandler
  323 00000022         ADC3_IRQHandler
  324 00000022         FSMC_IRQHandler
  325 00000022         SDIO_IRQHandler
  326 00000022         TIM5_IRQHandler
  327 00000022         SPI3_IRQHandler
  328 00000022         UART4_IRQHandler
  329 00000022         UART5_IRQHandler
  330 00000022         TIM6_IRQHandler
  331 00000022         TIM7_IRQHandler
  332 00000022         DMA2_Channel1_IRQHandler
  333 00000022         DMA2_Channel2_IRQHandler
  334 00000022         DMA2_Channel3_IRQHandler
  335 00000022         DMA2_Channel4_5_IRQHandler
  336 00000022 E7FE            B                .
  337 00000024         
  338 00000024                 ENDP
  339 00000024         
  340 00000024                 ALIGN
  341 00000024         
  342 00000024         ;*******************************************************
                       ************************
  343 00000024         ; User Stack and Heap initialization
  344 00000024         ;*******************************************************
                       ************************
  345 00000024                 IF               :DEF:__MICROLIB
  352 00000024         
  353 00000024                 IMPORT           __use_two_region_memory
  354 00000024                 EXPORT           __user_initial_stackheap
  355 00000024         
  356 00000024         __user_initial_stackheap
  357 00000024         
  358 00000024 4805            LDR              R0, =  Heap_Mem
  359 00000026 4906            LDR              R1, =(Stack_Mem + Stack_Size)
  360 00000028 4A06            LDR              R2, = (Heap_Mem +  Heap_Size)
  361 0000002A 4B07            LDR              R3, = Stack_Mem
  362 0000002C 4770            BX               LR
  363 0000002E         
  364 0000002E 00 00           ALIGN
  365 00000030         
  366 00000030                 ENDIF
  367 00000030         
  368 00000030                 END
              00000000 
              00000000 
              00000000 
              00000000 
              00000400 
              00000200 



ARM Macro Assembler    Page 10 


              00000000 
Command Line: --debug --xref --cpu=Cortex-M3 --apcs=interwork --depend=.\Output
\startup_stm32f10x_hd.d -o.\Output\startup_stm32f10x_hd.o -I"C:\Program Files (
x86)\Keil_ARM\ARM\INC" -I"C:\Program Files (x86)\Keil_ARM\ARM\INC\ST\STM32F10x"
 --list=.\startup_stm32f10x_hd.lst Libraries\CMSIS\Core\CM3\startup\arm\startup
_stm32f10x_hd.s



ARM Macro Assembler    Page 1 Alphabetic symbol ordering
Relocatable symbols

STACK 00000000

Symbol: STACK
   Definitions
      At line 36 in file Libraries\CMSIS\Core\CM3\startup\arm\startup_stm32f10x
_hd.s
   Uses
      None
Comment: STACK unused
Stack_Mem 00000000

Symbol: Stack_Mem
   Definitions
      At line 37 in file Libraries\CMSIS\Core\CM3\startup\arm\startup_stm32f10x
_hd.s
   Uses
      At line 359 in file Libraries\CMSIS\Core\CM3\startup\arm\startup_stm32f10
x_hd.s
      At line 361 in file Libraries\CMSIS\Core\CM3\startup\arm\startup_stm32f10
x_hd.s

__initial_sp 00000400

Symbol: __initial_sp
   Definitions
      At line 38 in file Libraries\CMSIS\Core\CM3\startup\arm\startup_stm32f10x
_hd.s
   Uses
      At line 162 in file Libraries\CMSIS\Core\CM3\startup\arm\startup_stm32f10
x_hd.s
Comment: __initial_sp used once
3 symbols



ARM Macro Assembler    Page 1 Alphabetic symbol ordering
Relocatable symbols

HEAP 00000000

Symbol: HEAP
   Definitions
      At line 49 in file Libraries\CMSIS\Core\CM3\startup\arm\startup_stm32f10x
_hd.s
   Uses
      None
Comment: HEAP unused
Heap_Mem 00000000

Symbol: Heap_Mem
   Definitions
      At line 51 in file Libraries\CMSIS\Core\CM3\startup\arm\startup_stm32f10x
_hd.s
   Uses
      At line 358 in file Libraries\CMSIS\Core\CM3\startup\arm\startup_stm32f10
x_hd.s
      At line 360 in file Libraries\CMSIS\Core\CM3\startup\arm\startup_stm32f10
x_hd.s

__heap_base 00000000

Symbol: __heap_base
   Definitions
      At line 50 in file Libraries\CMSIS\Core\CM3\startup\arm\startup_stm32f10x
_hd.s
   Uses
      None
Comment: __heap_base unused
__heap_limit 00000200

Symbol: __heap_limit
   Definitions
      At line 52 in file Libraries\CMSIS\Core\CM3\startup\arm\startup_stm32f10x
_hd.s
   Uses
      None
Comment: __heap_limit unused
4 symbols



ARM Macro Assembler    Page 1 Alphabetic symbol ordering
Relocatable symbols

RESET 00000000

Symbol: RESET
   Definitions
      At line 59 in file Libraries\CMSIS\Core\CM3\startup\arm\startup_stm32f10x
_hd.s
   Uses
      None
Comment: RESET unused
__Vectors 00000000

Symbol: __Vectors
   Definitions
      At line 64 in file Libraries\CMSIS\Core\CM3\startup\arm\startup_stm32f10x
_hd.s
   Uses
      At line 60 in file Libraries\CMSIS\Core\CM3\startup\arm\startup_stm32f10x
_hd.s
      At line 144 in file Libraries\CMSIS\Core\CM3\startup\arm\startup_stm32f10
x_hd.s

__Vectors_End 00000130

Symbol: __Vectors_End
   Definitions
      At line 142 in file Libraries\CMSIS\Core\CM3\startup\arm\startup_stm32f10
x_hd.s
   Uses
      At line 61 in file Libraries\CMSIS\Core\CM3\startup\arm\startup_stm32f10x
_hd.s
      At line 144 in file Libraries\CMSIS\Core\CM3\startup\arm\startup_stm32f10
x_hd.s

3 symbols



ARM Macro Assembler    Page 1 Alphabetic symbol ordering
Relocatable symbols

.text 00000000

Symbol: .text
   Definitions
      At line 146 in file Libraries\CMSIS\Core\CM3\startup\arm\startup_stm32f10
x_hd.s
   Uses
      None
Comment: .text unused
ADC1_2_IRQHandler 00000022

Symbol: ADC1_2_IRQHandler
   Definitions
      At line 294 in file Libraries\CMSIS\Core\CM3\startup\arm\startup_stm32f10
x_hd.s
   Uses
      At line 100 in file Libraries\CMSIS\Core\CM3\startup\arm\startup_stm32f10
x_hd.s
      At line 233 in file Libraries\CMSIS\Core\CM3\startup\arm\startup_stm32f10
x_hd.s

ADC3_IRQHandler 00000022

Symbol: ADC3_IRQHandler
   Definitions
      At line 323 in file Libraries\CMSIS\Core\CM3\startup\arm\startup_stm32f10
x_hd.s
   Uses
      At line 129 in file Libraries\CMSIS\Core\CM3\startup\arm\startup_stm32f10
x_hd.s
      At line 262 in file Libraries\CMSIS\Core\CM3\startup\arm\startup_stm32f10
x_hd.s

BusFault_Handler 00000016

Symbol: BusFault_Handler
   Definitions
      At line 186 in file Libraries\CMSIS\Core\CM3\startup\arm\startup_stm32f10
x_hd.s
   Uses
      At line 69 in file Libraries\CMSIS\Core\CM3\startup\arm\startup_stm32f10x
_hd.s
      At line 187 in file Libraries\CMSIS\Core\CM3\startup\arm\startup_stm32f10
x_hd.s

CAN1_RX1_IRQHandler 00000022

Symbol: CAN1_RX1_IRQHandler
   Definitions
      At line 297 in file Libraries\CMSIS\Core\CM3\startup\arm\startup_stm32f10
x_hd.s
   Uses
      At line 103 in file Libraries\CMSIS\Core\CM3\startup\arm\startup_stm32f10
x_hd.s
      At line 236 in file Libraries\CMSIS\Core\CM3\startup\arm\startup_stm32f10
x_hd.s

CAN1_SCE_IRQHandler 00000022




ARM Macro Assembler    Page 2 Alphabetic symbol ordering
Relocatable symbols

Symbol: CAN1_SCE_IRQHandler
   Definitions
      At line 298 in file Libraries\CMSIS\Core\CM3\startup\arm\startup_stm32f10
x_hd.s
   Uses
      At line 104 in file Libraries\CMSIS\Core\CM3\startup\arm\startup_stm32f10
x_hd.s
      At line 237 in file Libraries\CMSIS\Core\CM3\startup\arm\startup_stm32f10
x_hd.s

DMA1_Channel1_IRQHandler 00000022

Symbol: DMA1_Channel1_IRQHandler
   Definitions
      At line 287 in file Libraries\CMSIS\Core\CM3\startup\arm\startup_stm32f10
x_hd.s
   Uses
      At line 93 in file Libraries\CMSIS\Core\CM3\startup\arm\startup_stm32f10x
_hd.s
      At line 226 in file Libraries\CMSIS\Core\CM3\startup\arm\startup_stm32f10
x_hd.s

DMA1_Channel2_IRQHandler 00000022

Symbol: DMA1_Channel2_IRQHandler
   Definitions
      At line 288 in file Libraries\CMSIS\Core\CM3\startup\arm\startup_stm32f10
x_hd.s
   Uses
      At line 94 in file Libraries\CMSIS\Core\CM3\startup\arm\startup_stm32f10x
_hd.s
      At line 227 in file Libraries\CMSIS\Core\CM3\startup\arm\startup_stm32f10
x_hd.s

DMA1_Channel3_IRQHandler 00000022

Symbol: DMA1_Channel3_IRQHandler
   Definitions
      At line 289 in file Libraries\CMSIS\Core\CM3\startup\arm\startup_stm32f10
x_hd.s
   Uses
      At line 95 in file Libraries\CMSIS\Core\CM3\startup\arm\startup_stm32f10x
_hd.s
      At line 228 in file Libraries\CMSIS\Core\CM3\startup\arm\startup_stm32f10
x_hd.s

DMA1_Channel4_IRQHandler 00000022

Symbol: DMA1_Channel4_IRQHandler
   Definitions
      At line 290 in file Libraries\CMSIS\Core\CM3\startup\arm\startup_stm32f10
x_hd.s
   Uses
      At line 96 in file Libraries\CMSIS\Core\CM3\startup\arm\startup_stm32f10x
_hd.s
      At line 229 in file Libraries\CMSIS\Core\CM3\startup\arm\startup_stm32f10
x_hd.s

DMA1_Channel5_IRQHandler 00000022



ARM Macro Assembler    Page 3 Alphabetic symbol ordering
Relocatable symbols


Symbol: DMA1_Channel5_IRQHandler
   Definitions
      At line 291 in file Libraries\CMSIS\Core\CM3\startup\arm\startup_stm32f10
x_hd.s
   Uses
      At line 97 in file Libraries\CMSIS\Core\CM3\startup\arm\startup_stm32f10x
_hd.s
      At line 230 in file Libraries\CMSIS\Core\CM3\startup\arm\startup_stm32f10
x_hd.s

DMA1_Channel6_IRQHandler 00000022

Symbol: DMA1_Channel6_IRQHandler
   Definitions
      At line 292 in file Libraries\CMSIS\Core\CM3\startup\arm\startup_stm32f10
x_hd.s
   Uses
      At line 98 in file Libraries\CMSIS\Core\CM3\startup\arm\startup_stm32f10x
_hd.s
      At line 231 in file Libraries\CMSIS\Core\CM3\startup\arm\startup_stm32f10
x_hd.s

DMA1_Channel7_IRQHandler 00000022

Symbol: DMA1_Channel7_IRQHandler
   Definitions
      At line 293 in file Libraries\CMSIS\Core\CM3\startup\arm\startup_stm32f10
x_hd.s
   Uses
      At line 99 in file Libraries\CMSIS\Core\CM3\startup\arm\startup_stm32f10x
_hd.s
      At line 232 in file Libraries\CMSIS\Core\CM3\startup\arm\startup_stm32f10
x_hd.s

DMA2_Channel1_IRQHandler 00000022

Symbol: DMA2_Channel1_IRQHandler
   Definitions
      At line 332 in file Libraries\CMSIS\Core\CM3\startup\arm\startup_stm32f10
x_hd.s
   Uses
      At line 138 in file Libraries\CMSIS\Core\CM3\startup\arm\startup_stm32f10
x_hd.s
      At line 271 in file Libraries\CMSIS\Core\CM3\startup\arm\startup_stm32f10
x_hd.s

DMA2_Channel2_IRQHandler 00000022

Symbol: DMA2_Channel2_IRQHandler
   Definitions
      At line 333 in file Libraries\CMSIS\Core\CM3\startup\arm\startup_stm32f10
x_hd.s
   Uses
      At line 139 in file Libraries\CMSIS\Core\CM3\startup\arm\startup_stm32f10
x_hd.s
      At line 272 in file Libraries\CMSIS\Core\CM3\startup\arm\startup_stm32f10
x_hd.s




ARM Macro Assembler    Page 4 Alphabetic symbol ordering
Relocatable symbols

DMA2_Channel3_IRQHandler 00000022

Symbol: DMA2_Channel3_IRQHandler
   Definitions
      At line 334 in file Libraries\CMSIS\Core\CM3\startup\arm\startup_stm32f10
x_hd.s
   Uses
      At line 140 in file Libraries\CMSIS\Core\CM3\startup\arm\startup_stm32f10
x_hd.s
      At line 273 in file Libraries\CMSIS\Core\CM3\startup\arm\startup_stm32f10
x_hd.s

DMA2_Channel4_5_IRQHandler 00000022

Symbol: DMA2_Channel4_5_IRQHandler
   Definitions
      At line 335 in file Libraries\CMSIS\Core\CM3\startup\arm\startup_stm32f10
x_hd.s
   Uses
      At line 141 in file Libraries\CMSIS\Core\CM3\startup\arm\startup_stm32f10
x_hd.s
      At line 274 in file Libraries\CMSIS\Core\CM3\startup\arm\startup_stm32f10
x_hd.s

DebugMon_Handler 0000001C

Symbol: DebugMon_Handler
   Definitions
      At line 200 in file Libraries\CMSIS\Core\CM3\startup\arm\startup_stm32f10
x_hd.s
   Uses
      At line 76 in file Libraries\CMSIS\Core\CM3\startup\arm\startup_stm32f10x
_hd.s
      At line 201 in file Libraries\CMSIS\Core\CM3\startup\arm\startup_stm32f10
x_hd.s

Default_Handler 00000022

Symbol: Default_Handler
   Definitions
      At line 213 in file Libraries\CMSIS\Core\CM3\startup\arm\startup_stm32f10
x_hd.s
   Uses
      None
Comment: Default_Handler unused
EXTI0_IRQHandler 00000022

Symbol: EXTI0_IRQHandler
   Definitions
      At line 282 in file Libraries\CMSIS\Core\CM3\startup\arm\startup_stm32f10
x_hd.s
   Uses
      At line 88 in file Libraries\CMSIS\Core\CM3\startup\arm\startup_stm32f10x
_hd.s
      At line 221 in file Libraries\CMSIS\Core\CM3\startup\arm\startup_stm32f10
x_hd.s

EXTI15_10_IRQHandler 00000022




ARM Macro Assembler    Page 5 Alphabetic symbol ordering
Relocatable symbols

Symbol: EXTI15_10_IRQHandler
   Definitions
      At line 316 in file Libraries\CMSIS\Core\CM3\startup\arm\startup_stm32f10
x_hd.s
   Uses
      At line 122 in file Libraries\CMSIS\Core\CM3\startup\arm\startup_stm32f10
x_hd.s
      At line 255 in file Libraries\CMSIS\Core\CM3\startup\arm\startup_stm32f10
x_hd.s

EXTI1_IRQHandler 00000022

Symbol: EXTI1_IRQHandler
   Definitions
      At line 283 in file Libraries\CMSIS\Core\CM3\startup\arm\startup_stm32f10
x_hd.s
   Uses
      At line 89 in file Libraries\CMSIS\Core\CM3\startup\arm\startup_stm32f10x
_hd.s
      At line 222 in file Libraries\CMSIS\Core\CM3\startup\arm\startup_stm32f10
x_hd.s

EXTI2_IRQHandler 00000022

Symbol: EXTI2_IRQHandler
   Definitions
      At line 284 in file Libraries\CMSIS\Core\CM3\startup\arm\startup_stm32f10
x_hd.s
   Uses
      At line 90 in file Libraries\CMSIS\Core\CM3\startup\arm\startup_stm32f10x
_hd.s
      At line 223 in file Libraries\CMSIS\Core\CM3\startup\arm\startup_stm32f10
x_hd.s

EXTI3_IRQHandler 00000022

Symbol: EXTI3_IRQHandler
   Definitions
      At line 285 in file Libraries\CMSIS\Core\CM3\startup\arm\startup_stm32f10
x_hd.s
   Uses
      At line 91 in file Libraries\CMSIS\Core\CM3\startup\arm\startup_stm32f10x
_hd.s
      At line 224 in file Libraries\CMSIS\Core\CM3\startup\arm\startup_stm32f10
x_hd.s

EXTI4_IRQHandler 00000022

Symbol: EXTI4_IRQHandler
   Definitions
      At line 286 in file Libraries\CMSIS\Core\CM3\startup\arm\startup_stm32f10
x_hd.s
   Uses
      At line 92 in file Libraries\CMSIS\Core\CM3\startup\arm\startup_stm32f10x
_hd.s
      At line 225 in file Libraries\CMSIS\Core\CM3\startup\arm\startup_stm32f10
x_hd.s

EXTI9_5_IRQHandler 00000022



ARM Macro Assembler    Page 6 Alphabetic symbol ordering
Relocatable symbols


Symbol: EXTI9_5_IRQHandler
   Definitions
      At line 299 in file Libraries\CMSIS\Core\CM3\startup\arm\startup_stm32f10
x_hd.s
   Uses
      At line 105 in file Libraries\CMSIS\Core\CM3\startup\arm\startup_stm32f10
x_hd.s
      At line 238 in file Libraries\CMSIS\Core\CM3\startup\arm\startup_stm32f10
x_hd.s

FLASH_IRQHandler 00000022

Symbol: FLASH_IRQHandler
   Definitions
      At line 280 in file Libraries\CMSIS\Core\CM3\startup\arm\startup_stm32f10
x_hd.s
   Uses
      At line 86 in file Libraries\CMSIS\Core\CM3\startup\arm\startup_stm32f10x
_hd.s
      At line 219 in file Libraries\CMSIS\Core\CM3\startup\arm\startup_stm32f10
x_hd.s

FSMC_IRQHandler 00000022

Symbol: FSMC_IRQHandler
   Definitions
      At line 324 in file Libraries\CMSIS\Core\CM3\startup\arm\startup_stm32f10
x_hd.s
   Uses
      At line 130 in file Libraries\CMSIS\Core\CM3\startup\arm\startup_stm32f10
x_hd.s
      At line 263 in file Libraries\CMSIS\Core\CM3\startup\arm\startup_stm32f10
x_hd.s

HardFault_Handler 00000012

Symbol: HardFault_Handler
   Definitions
      At line 176 in file Libraries\CMSIS\Core\CM3\startup\arm\startup_stm32f10
x_hd.s
   Uses
      At line 67 in file Libraries\CMSIS\Core\CM3\startup\arm\startup_stm32f10x
_hd.s
      At line 177 in file Libraries\CMSIS\Core\CM3\startup\arm\startup_stm32f10
x_hd.s

I2C1_ER_IRQHandler 00000022

Symbol: I2C1_ER_IRQHandler
   Definitions
      At line 308 in file Libraries\CMSIS\Core\CM3\startup\arm\startup_stm32f10
x_hd.s
   Uses
      At line 114 in file Libraries\CMSIS\Core\CM3\startup\arm\startup_stm32f10
x_hd.s
      At line 247 in file Libraries\CMSIS\Core\CM3\startup\arm\startup_stm32f10
x_hd.s




ARM Macro Assembler    Page 7 Alphabetic symbol ordering
Relocatable symbols

I2C1_EV_IRQHandler 00000022

Symbol: I2C1_EV_IRQHandler
   Definitions
      At line 307 in file Libraries\CMSIS\Core\CM3\startup\arm\startup_stm32f10
x_hd.s
   Uses
      At line 113 in file Libraries\CMSIS\Core\CM3\startup\arm\startup_stm32f10
x_hd.s
      At line 246 in file Libraries\CMSIS\Core\CM3\startup\arm\startup_stm32f10
x_hd.s

I2C2_ER_IRQHandler 00000022

Symbol: I2C2_ER_IRQHandler
   Definitions
      At line 310 in file Libraries\CMSIS\Core\CM3\startup\arm\startup_stm32f10
x_hd.s
   Uses
      At line 116 in file Libraries\CMSIS\Core\CM3\startup\arm\startup_stm32f10
x_hd.s
      At line 249 in file Libraries\CMSIS\Core\CM3\startup\arm\startup_stm32f10
x_hd.s

I2C2_EV_IRQHandler 00000022

Symbol: I2C2_EV_IRQHandler
   Definitions
      At line 309 in file Libraries\CMSIS\Core\CM3\startup\arm\startup_stm32f10
x_hd.s
   Uses
      At line 115 in file Libraries\CMSIS\Core\CM3\startup\arm\startup_stm32f10
x_hd.s
      At line 248 in file Libraries\CMSIS\Core\CM3\startup\arm\startup_stm32f10
x_hd.s

MemManage_Handler 00000014

Symbol: MemManage_Handler
   Definitions
      At line 181 in file Libraries\CMSIS\Core\CM3\startup\arm\startup_stm32f10
x_hd.s
   Uses
      At line 68 in file Libraries\CMSIS\Core\CM3\startup\arm\startup_stm32f10x
_hd.s
      At line 182 in file Libraries\CMSIS\Core\CM3\startup\arm\startup_stm32f10
x_hd.s

NMI_Handler 00000010

Symbol: NMI_Handler
   Definitions
      At line 171 in file Libraries\CMSIS\Core\CM3\startup\arm\startup_stm32f10
x_hd.s
   Uses
      At line 66 in file Libraries\CMSIS\Core\CM3\startup\arm\startup_stm32f10x
_hd.s
      At line 172 in file Libraries\CMSIS\Core\CM3\startup\arm\startup_stm32f10
x_hd.s



ARM Macro Assembler    Page 8 Alphabetic symbol ordering
Relocatable symbols


PVD_IRQHandler 00000022

Symbol: PVD_IRQHandler
   Definitions
      At line 277 in file Libraries\CMSIS\Core\CM3\startup\arm\startup_stm32f10
x_hd.s
   Uses
      At line 83 in file Libraries\CMSIS\Core\CM3\startup\arm\startup_stm32f10x
_hd.s
      At line 216 in file Libraries\CMSIS\Core\CM3\startup\arm\startup_stm32f10
x_hd.s

PendSV_Handler 0000001E

Symbol: PendSV_Handler
   Definitions
      At line 204 in file Libraries\CMSIS\Core\CM3\startup\arm\startup_stm32f10
x_hd.s
   Uses
      At line 78 in file Libraries\CMSIS\Core\CM3\startup\arm\startup_stm32f10x
_hd.s
      At line 205 in file Libraries\CMSIS\Core\CM3\startup\arm\startup_stm32f10
x_hd.s

RCC_IRQHandler 00000022

Symbol: RCC_IRQHandler
   Definitions
      At line 281 in file Libraries\CMSIS\Core\CM3\startup\arm\startup_stm32f10
x_hd.s
   Uses
      At line 87 in file Libraries\CMSIS\Core\CM3\startup\arm\startup_stm32f10x
_hd.s
      At line 220 in file Libraries\CMSIS\Core\CM3\startup\arm\startup_stm32f10
x_hd.s

RTCAlarm_IRQHandler 00000022

Symbol: RTCAlarm_IRQHandler
   Definitions
      At line 317 in file Libraries\CMSIS\Core\CM3\startup\arm\startup_stm32f10
x_hd.s
   Uses
      At line 123 in file Libraries\CMSIS\Core\CM3\startup\arm\startup_stm32f10
x_hd.s
      At line 256 in file Libraries\CMSIS\Core\CM3\startup\arm\startup_stm32f10
x_hd.s

RTC_IRQHandler 00000022

Symbol: RTC_IRQHandler
   Definitions
      At line 279 in file Libraries\CMSIS\Core\CM3\startup\arm\startup_stm32f10
x_hd.s
   Uses
      At line 85 in file Libraries\CMSIS\Core\CM3\startup\arm\startup_stm32f10x
_hd.s
      At line 218 in file Libraries\CMSIS\Core\CM3\startup\arm\startup_stm32f10



ARM Macro Assembler    Page 9 Alphabetic symbol ordering
Relocatable symbols

x_hd.s

Reset_Handler 00000002

Symbol: Reset_Handler
   Definitions
      At line 155 in file Libraries\CMSIS\Core\CM3\startup\arm\startup_stm32f10
x_hd.s
   Uses
      At line 65 in file Libraries\CMSIS\Core\CM3\startup\arm\startup_stm32f10x
_hd.s
      At line 156 in file Libraries\CMSIS\Core\CM3\startup\arm\startup_stm32f10
x_hd.s

SDIO_IRQHandler 00000022

Symbol: SDIO_IRQHandler
   Definitions
      At line 325 in file Libraries\CMSIS\Core\CM3\startup\arm\startup_stm32f10
x_hd.s
   Uses
      At line 131 in file Libraries\CMSIS\Core\CM3\startup\arm\startup_stm32f10
x_hd.s
      At line 264 in file Libraries\CMSIS\Core\CM3\startup\arm\startup_stm32f10
x_hd.s

SPI1_IRQHandler 00000022

Symbol: SPI1_IRQHandler
   Definitions
      At line 311 in file Libraries\CMSIS\Core\CM3\startup\arm\startup_stm32f10
x_hd.s
   Uses
      At line 117 in file Libraries\CMSIS\Core\CM3\startup\arm\startup_stm32f10
x_hd.s
      At line 250 in file Libraries\CMSIS\Core\CM3\startup\arm\startup_stm32f10
x_hd.s

SPI2_IRQHandler 00000022

Symbol: SPI2_IRQHandler
   Definitions
      At line 312 in file Libraries\CMSIS\Core\CM3\startup\arm\startup_stm32f10
x_hd.s
   Uses
      At line 118 in file Libraries\CMSIS\Core\CM3\startup\arm\startup_stm32f10
x_hd.s
      At line 251 in file Libraries\CMSIS\Core\CM3\startup\arm\startup_stm32f10
x_hd.s

SPI3_IRQHandler 00000022

Symbol: SPI3_IRQHandler
   Definitions
      At line 327 in file Libraries\CMSIS\Core\CM3\startup\arm\startup_stm32f10
x_hd.s
   Uses
      At line 133 in file Libraries\CMSIS\Core\CM3\startup\arm\startup_stm32f10
x_hd.s



ARM Macro Assembler    Page 10 Alphabetic symbol ordering
Relocatable symbols

      At line 266 in file Libraries\CMSIS\Core\CM3\startup\arm\startup_stm32f10
x_hd.s

SVC_Handler 0000001A

Symbol: SVC_Handler
   Definitions
      At line 195 in file Libraries\CMSIS\Core\CM3\startup\arm\startup_stm32f10
x_hd.s
   Uses
      At line 75 in file Libraries\CMSIS\Core\CM3\startup\arm\startup_stm32f10x
_hd.s
      At line 196 in file Libraries\CMSIS\Core\CM3\startup\arm\startup_stm32f10
x_hd.s

SysTick_Handler 00000020

Symbol: SysTick_Handler
   Definitions
      At line 208 in file Libraries\CMSIS\Core\CM3\startup\arm\startup_stm32f10
x_hd.s
   Uses
      At line 79 in file Libraries\CMSIS\Core\CM3\startup\arm\startup_stm32f10x
_hd.s
      At line 209 in file Libraries\CMSIS\Core\CM3\startup\arm\startup_stm32f10
x_hd.s

SystemInit_ExtMemCtl 00000000

Symbol: SystemInit_ExtMemCtl
   Definitions
      At line 149 in file Libraries\CMSIS\Core\CM3\startup\arm\startup_stm32f10
x_hd.s
   Uses
      At line 150 in file Libraries\CMSIS\Core\CM3\startup\arm\startup_stm32f10
x_hd.s
      At line 159 in file Libraries\CMSIS\Core\CM3\startup\arm\startup_stm32f10
x_hd.s

TAMPER_IRQHandler 00000022

Symbol: TAMPER_IRQHandler
   Definitions
      At line 278 in file Libraries\CMSIS\Core\CM3\startup\arm\startup_stm32f10
x_hd.s
   Uses
      At line 84 in file Libraries\CMSIS\Core\CM3\startup\arm\startup_stm32f10x
_hd.s
      At line 217 in file Libraries\CMSIS\Core\CM3\startup\arm\startup_stm32f10
x_hd.s

TIM1_BRK_IRQHandler 00000022

Symbol: TIM1_BRK_IRQHandler
   Definitions
      At line 300 in file Libraries\CMSIS\Core\CM3\startup\arm\startup_stm32f10
x_hd.s
   Uses
      At line 106 in file Libraries\CMSIS\Core\CM3\startup\arm\startup_stm32f10



ARM Macro Assembler    Page 11 Alphabetic symbol ordering
Relocatable symbols

x_hd.s
      At line 239 in file Libraries\CMSIS\Core\CM3\startup\arm\startup_stm32f10
x_hd.s

TIM1_CC_IRQHandler 00000022

Symbol: TIM1_CC_IRQHandler
   Definitions
      At line 303 in file Libraries\CMSIS\Core\CM3\startup\arm\startup_stm32f10
x_hd.s
   Uses
      At line 109 in file Libraries\CMSIS\Core\CM3\startup\arm\startup_stm32f10
x_hd.s
      At line 242 in file Libraries\CMSIS\Core\CM3\startup\arm\startup_stm32f10
x_hd.s

TIM1_TRG_COM_IRQHandler 00000022

Symbol: TIM1_TRG_COM_IRQHandler
   Definitions
      At line 302 in file Libraries\CMSIS\Core\CM3\startup\arm\startup_stm32f10
x_hd.s
   Uses
      At line 108 in file Libraries\CMSIS\Core\CM3\startup\arm\startup_stm32f10
x_hd.s
      At line 241 in file Libraries\CMSIS\Core\CM3\startup\arm\startup_stm32f10
x_hd.s

TIM1_UP_IRQHandler 00000022

Symbol: TIM1_UP_IRQHandler
   Definitions
      At line 301 in file Libraries\CMSIS\Core\CM3\startup\arm\startup_stm32f10
x_hd.s
   Uses
      At line 107 in file Libraries\CMSIS\Core\CM3\startup\arm\startup_stm32f10
x_hd.s
      At line 240 in file Libraries\CMSIS\Core\CM3\startup\arm\startup_stm32f10
x_hd.s

TIM2_IRQHandler 00000022

Symbol: TIM2_IRQHandler
   Definitions
      At line 304 in file Libraries\CMSIS\Core\CM3\startup\arm\startup_stm32f10
x_hd.s
   Uses
      At line 110 in file Libraries\CMSIS\Core\CM3\startup\arm\startup_stm32f10
x_hd.s
      At line 243 in file Libraries\CMSIS\Core\CM3\startup\arm\startup_stm32f10
x_hd.s

TIM3_IRQHandler 00000022

Symbol: TIM3_IRQHandler
   Definitions
      At line 305 in file Libraries\CMSIS\Core\CM3\startup\arm\startup_stm32f10
x_hd.s
   Uses



ARM Macro Assembler    Page 12 Alphabetic symbol ordering
Relocatable symbols

      At line 111 in file Libraries\CMSIS\Core\CM3\startup\arm\startup_stm32f10
x_hd.s
      At line 244 in file Libraries\CMSIS\Core\CM3\startup\arm\startup_stm32f10
x_hd.s

TIM4_IRQHandler 00000022

Symbol: TIM4_IRQHandler
   Definitions
      At line 306 in file Libraries\CMSIS\Core\CM3\startup\arm\startup_stm32f10
x_hd.s
   Uses
      At line 112 in file Libraries\CMSIS\Core\CM3\startup\arm\startup_stm32f10
x_hd.s
      At line 245 in file Libraries\CMSIS\Core\CM3\startup\arm\startup_stm32f10
x_hd.s

TIM5_IRQHandler 00000022

Symbol: TIM5_IRQHandler
   Definitions
      At line 326 in file Libraries\CMSIS\Core\CM3\startup\arm\startup_stm32f10
x_hd.s
   Uses
      At line 132 in file Libraries\CMSIS\Core\CM3\startup\arm\startup_stm32f10
x_hd.s
      At line 265 in file Libraries\CMSIS\Core\CM3\startup\arm\startup_stm32f10
x_hd.s

TIM6_IRQHandler 00000022

Symbol: TIM6_IRQHandler
   Definitions
      At line 330 in file Libraries\CMSIS\Core\CM3\startup\arm\startup_stm32f10
x_hd.s
   Uses
      At line 136 in file Libraries\CMSIS\Core\CM3\startup\arm\startup_stm32f10
x_hd.s
      At line 269 in file Libraries\CMSIS\Core\CM3\startup\arm\startup_stm32f10
x_hd.s

TIM7_IRQHandler 00000022

Symbol: TIM7_IRQHandler
   Definitions
      At line 331 in file Libraries\CMSIS\Core\CM3\startup\arm\startup_stm32f10
x_hd.s
   Uses
      At line 137 in file Libraries\CMSIS\Core\CM3\startup\arm\startup_stm32f10
x_hd.s
      At line 270 in file Libraries\CMSIS\Core\CM3\startup\arm\startup_stm32f10
x_hd.s

TIM8_BRK_IRQHandler 00000022

Symbol: TIM8_BRK_IRQHandler
   Definitions
      At line 319 in file Libraries\CMSIS\Core\CM3\startup\arm\startup_stm32f10
x_hd.s



ARM Macro Assembler    Page 13 Alphabetic symbol ordering
Relocatable symbols

   Uses
      At line 125 in file Libraries\CMSIS\Core\CM3\startup\arm\startup_stm32f10
x_hd.s
      At line 258 in file Libraries\CMSIS\Core\CM3\startup\arm\startup_stm32f10
x_hd.s

TIM8_CC_IRQHandler 00000022

Symbol: TIM8_CC_IRQHandler
   Definitions
      At line 322 in file Libraries\CMSIS\Core\CM3\startup\arm\startup_stm32f10
x_hd.s
   Uses
      At line 128 in file Libraries\CMSIS\Core\CM3\startup\arm\startup_stm32f10
x_hd.s
      At line 261 in file Libraries\CMSIS\Core\CM3\startup\arm\startup_stm32f10
x_hd.s

TIM8_TRG_COM_IRQHandler 00000022

Symbol: TIM8_TRG_COM_IRQHandler
   Definitions
      At line 321 in file Libraries\CMSIS\Core\CM3\startup\arm\startup_stm32f10
x_hd.s
   Uses
      At line 127 in file Libraries\CMSIS\Core\CM3\startup\arm\startup_stm32f10
x_hd.s
      At line 260 in file Libraries\CMSIS\Core\CM3\startup\arm\startup_stm32f10
x_hd.s

TIM8_UP_IRQHandler 00000022

Symbol: TIM8_UP_IRQHandler
   Definitions
      At line 320 in file Libraries\CMSIS\Core\CM3\startup\arm\startup_stm32f10
x_hd.s
   Uses
      At line 126 in file Libraries\CMSIS\Core\CM3\startup\arm\startup_stm32f10
x_hd.s
      At line 259 in file Libraries\CMSIS\Core\CM3\startup\arm\startup_stm32f10
x_hd.s

UART4_IRQHandler 00000022

Symbol: UART4_IRQHandler
   Definitions
      At line 328 in file Libraries\CMSIS\Core\CM3\startup\arm\startup_stm32f10
x_hd.s
   Uses
      At line 134 in file Libraries\CMSIS\Core\CM3\startup\arm\startup_stm32f10
x_hd.s
      At line 267 in file Libraries\CMSIS\Core\CM3\startup\arm\startup_stm32f10
x_hd.s

UART5_IRQHandler 00000022

Symbol: UART5_IRQHandler
   Definitions
      At line 329 in file Libraries\CMSIS\Core\CM3\startup\arm\startup_stm32f10



ARM Macro Assembler    Page 14 Alphabetic symbol ordering
Relocatable symbols

x_hd.s
   Uses
      At line 135 in file Libraries\CMSIS\Core\CM3\startup\arm\startup_stm32f10
x_hd.s
      At line 268 in file Libraries\CMSIS\Core\CM3\startup\arm\startup_stm32f10
x_hd.s

USART1_IRQHandler 00000022

Symbol: USART1_IRQHandler
   Definitions
      At line 313 in file Libraries\CMSIS\Core\CM3\startup\arm\startup_stm32f10
x_hd.s
   Uses
      At line 119 in file Libraries\CMSIS\Core\CM3\startup\arm\startup_stm32f10
x_hd.s
      At line 252 in file Libraries\CMSIS\Core\CM3\startup\arm\startup_stm32f10
x_hd.s

USART2_IRQHandler 00000022

Symbol: USART2_IRQHandler
   Definitions
      At line 314 in file Libraries\CMSIS\Core\CM3\startup\arm\startup_stm32f10
x_hd.s
   Uses
      At line 120 in file Libraries\CMSIS\Core\CM3\startup\arm\startup_stm32f10
x_hd.s
      At line 253 in file Libraries\CMSIS\Core\CM3\startup\arm\startup_stm32f10
x_hd.s

USART3_IRQHandler 00000022

Symbol: USART3_IRQHandler
   Definitions
      At line 315 in file Libraries\CMSIS\Core\CM3\startup\arm\startup_stm32f10
x_hd.s
   Uses
      At line 121 in file Libraries\CMSIS\Core\CM3\startup\arm\startup_stm32f10
x_hd.s
      At line 254 in file Libraries\CMSIS\Core\CM3\startup\arm\startup_stm32f10
x_hd.s

USBWakeUp_IRQHandler 00000022

Symbol: USBWakeUp_IRQHandler
   Definitions
      At line 318 in file Libraries\CMSIS\Core\CM3\startup\arm\startup_stm32f10
x_hd.s
   Uses
      At line 124 in file Libraries\CMSIS\Core\CM3\startup\arm\startup_stm32f10
x_hd.s
      At line 257 in file Libraries\CMSIS\Core\CM3\startup\arm\startup_stm32f10
x_hd.s

USB_HP_CAN1_TX_IRQHandler 00000022

Symbol: USB_HP_CAN1_TX_IRQHandler
   Definitions



ARM Macro Assembler    Page 15 Alphabetic symbol ordering
Relocatable symbols

      At line 295 in file Libraries\CMSIS\Core\CM3\startup\arm\startup_stm32f10
x_hd.s
   Uses
      At line 101 in file Libraries\CMSIS\Core\CM3\startup\arm\startup_stm32f10
x_hd.s
      At line 234 in file Libraries\CMSIS\Core\CM3\startup\arm\startup_stm32f10
x_hd.s

USB_LP_CAN1_RX0_IRQHandler 00000022

Symbol: USB_LP_CAN1_RX0_IRQHandler
   Definitions
      At line 296 in file Libraries\CMSIS\Core\CM3\startup\arm\startup_stm32f10
x_hd.s
   Uses
      At line 102 in file Libraries\CMSIS\Core\CM3\startup\arm\startup_stm32f10
x_hd.s
      At line 235 in file Libraries\CMSIS\Core\CM3\startup\arm\startup_stm32f10
x_hd.s

UsageFault_Handler 00000018

Symbol: UsageFault_Handler
   Definitions
      At line 191 in file Libraries\CMSIS\Core\CM3\startup\arm\startup_stm32f10
x_hd.s
   Uses
      At line 70 in file Libraries\CMSIS\Core\CM3\startup\arm\startup_stm32f10x
_hd.s
      At line 192 in file Libraries\CMSIS\Core\CM3\startup\arm\startup_stm32f10
x_hd.s

WWDG_IRQHandler 00000022

Symbol: WWDG_IRQHandler
   Definitions
      At line 276 in file Libraries\CMSIS\Core\CM3\startup\arm\startup_stm32f10
x_hd.s
   Uses
      At line 82 in file Libraries\CMSIS\Core\CM3\startup\arm\startup_stm32f10x
_hd.s
      At line 215 in file Libraries\CMSIS\Core\CM3\startup\arm\startup_stm32f10
x_hd.s

__user_initial_stackheap 00000024

Symbol: __user_initial_stackheap
   Definitions
      At line 356 in file Libraries\CMSIS\Core\CM3\startup\arm\startup_stm32f10
x_hd.s
   Uses
      At line 354 in file Libraries\CMSIS\Core\CM3\startup\arm\startup_stm32f10
x_hd.s
Comment: __user_initial_stackheap used once
74 symbols



ARM Macro Assembler    Page 1 Alphabetic symbol ordering
Absolute symbols

Heap_Size 00000200

Symbol: Heap_Size
   Definitions
      At line 47 in file Libraries\CMSIS\Core\CM3\startup\arm\startup_stm32f10x
_hd.s
   Uses
      At line 51 in file Libraries\CMSIS\Core\CM3\startup\arm\startup_stm32f10x
_hd.s
      At line 360 in file Libraries\CMSIS\Core\CM3\startup\arm\startup_stm32f10
x_hd.s

Stack_Size 00000400

Symbol: Stack_Size
   Definitions
      At line 34 in file Libraries\CMSIS\Core\CM3\startup\arm\startup_stm32f10x
_hd.s
   Uses
      At line 37 in file Libraries\CMSIS\Core\CM3\startup\arm\startup_stm32f10x
_hd.s
      At line 359 in file Libraries\CMSIS\Core\CM3\startup\arm\startup_stm32f10
x_hd.s

__Vectors_Size 00000130

Symbol: __Vectors_Size
   Definitions
      At line 144 in file Libraries\CMSIS\Core\CM3\startup\arm\startup_stm32f10
x_hd.s
   Uses
      At line 62 in file Libraries\CMSIS\Core\CM3\startup\arm\startup_stm32f10x
_hd.s
Comment: __Vectors_Size used once
__initial_spTop 20000400

Symbol: __initial_spTop
   Definitions
      At line 40 in file Libraries\CMSIS\Core\CM3\startup\arm\startup_stm32f10x
_hd.s
   Uses
      At line 64 in file Libraries\CMSIS\Core\CM3\startup\arm\startup_stm32f10x
_hd.s
Comment: __initial_spTop used once
4 symbols



ARM Macro Assembler    Page 1 Alphabetic symbol ordering
External symbols

__main 00000000

Symbol: __main
   Definitions
      At line 157 in file Libraries\CMSIS\Core\CM3\startup\arm\startup_stm32f10
x_hd.s
   Uses
      At line 165 in file Libraries\CMSIS\Core\CM3\startup\arm\startup_stm32f10
x_hd.s
Comment: __main used once
__use_two_region_memory 00000000

Symbol: __use_two_region_memory
   Definitions
      At line 353 in file Libraries\CMSIS\Core\CM3\startup\arm\startup_stm32f10
x_hd.s
   Uses
      None
Comment: __use_two_region_memory unused
2 symbols
418 symbols in table
